==========================================
ConvoPeq - Build Script
==========================================

[INFO] Initial PGO_FLAGS: -DCONVOPEQ_PGO_INSTRUMENT=OFF -DCONVOPEQ_PGO_USE=OFF
[PGO] Normal build   no PGO
[INFO] Final PGO_FLAGS: -DCONVOPEQ_PGO_INSTRUMENT=OFF -DCONVOPEQ_PGO_USE=OFF
[INFO] BUILD_CONFIG: Debug
[INFO] PGO_MODE: normal
[CHECK] JUCE Directory: OK

[INFO] Found vcvarsall.bat. Executing...
**********************************************************************
** Visual Studio 2026 Developer Command Prompt v18.6.0
** Copyright (c) 2026 Microsoft Corporation
**********************************************************************
[vcvarsall.bat] Environment initialized for: 'x64'
[INFO] MSVC environment initialized.
[INFO] Found Intel oneAPI setvars.bat. Executing...
:: initializing oneAPI environment...
   Initializing Visual Studio command-line environment...
   Visual Studio version 18.6.0 environment configured.
   "C:\Program Files\Microsoft Visual Studio\18\Enterprise\"
   Visual Studio command-line environment initialized for: 'x64'
:  advisor -- latest
:  compiler -- latest
:  dal -- latest
:  dev-utilities -- latest
:  dnnl -- latest
:  dpcpp-ct -- latest
:  dpl -- latest
:  ipp -- latest
:  ippcp -- latest
:  mkl -- latest
:  mpi -- latest
:  ocloc -- latest
:  tbb -- latest
:  umf -- latest
:  vtune -- latest
:: oneAPI environment initialized ::
[INFO] Intel oneAPI environment initialized.
[1/4] Creating build directory...
[2/4] Configuring CMake...
-- clang-tidy build-time integration disabled.
-- Configuring juceaide
-- Building juceaide
-- Exporting juceaide
-- Testing juceaide
-- Finished setting up juceaide
-- MKL_VERSION: 2025.3.0
-- MKL_ROOT: C:/Program Files (x86)/Intel/oneAPI/mkl/latest
-- MKL_ARCH: intel64
-- MKL_LINK: static
-- MKL_INTERFACE_FULL: intel_lp64
-- MKL_THREADING: sequential
-- MKL_MPI: intelmpi
-- Found C:/Program Files (x86)/Intel/oneAPI/mkl/latest/lib/mkl_scalapack_lp64.lib
-- Found C:/Program Files (x86)/Intel/oneAPI/mkl/latest/lib/mkl_cdft_core.lib
-- Found C:/Program Files (x86)/Intel/oneAPI/mkl/latest/lib/mkl_intel_lp64.lib
-- Found C:/Program Files (x86)/Intel/oneAPI/mkl/latest/lib/mkl_sequential.lib
-- Found C:/Program Files (x86)/Intel/oneAPI/mkl/latest/lib/mkl_core.lib
-- Found C:/Program Files (x86)/Intel/oneAPI/mkl/latest/lib/mkl_blacs_intelmpi_lp64.lib
-- Intel MKL found. Enabling JUCE_DSP_USE_INTEL_MKL=1.
-- Intel IPP found.
-- [PGO] Normal Release build with LTCG
-- Configuring done (1.0s)
-- Generating done (0.2s)
CMake Error:
  Running

   'C:/Users/user/AppData/Local/Microsoft/WinGet/Links/ninja.exe' '-C' 'C:/VSC_Project/ConvoPeq/build' '-t' 'restat' 'CMakeFiles/impl-Debug.ninja' 'build-Debug.ninja' 'CMakeFiles/impl-Release.ninja' 'build-Release.ninja' 'CMakeFiles/impl-RelWithDebInfo.ninja' 'build-RelWithDebInfo.ninja' 'build.ninja' 'C:/VSC_Project/ConvoPeq/build/cmake_install.cmake' 'C:/VSC_Project/ConvoPeq/build/JUCE/cmake_install.cmake' 'C:/VSC_Project/ConvoPeq/build/JUCE/modules/cmake_install.cmake' 'C:/VSC_Project/ConvoPeq/build/JUCE/extras/Build/cmake_install.cmake' 'C:/VSC_Project/ConvoPeq/build/JUCE/extras/Build/juceaide/cmake_install.cmake'

  failed with:

   ninja: error: failed recompaction: Permission denied



CMake Generate step failed.  Build files cannot be regenerated correctly.
[ERROR] CMake configuration failed.
